[2023-01-25 01:43:11.608 AM] [32mINFO[39m: 	[32mExecuting (default): SELECT TABLE_NAME FROM INFORMATION_SCHEMA.TABLES WHERE TABLE_TYPE = 'BASE TABLE' AND TABLE_NAME = 'Lectures' AND TABLE_SCHEMA = 'osps_test'[39m
[2023-01-25 01:43:11.631 AM] [32mINFO[39m: 	[32mExecuting (default): SHOW INDEX FROM `Lectures` FROM `osps_test`[39m
[2023-01-25 01:43:11.642 AM] [32mINFO[39m: 	[32mExecuting (default): SELECT TABLE_NAME FROM INFORMATION_SCHEMA.TABLES WHERE TABLE_TYPE = 'BASE TABLE' AND TABLE_NAME = 'Questions' AND TABLE_SCHEMA = 'osps_test'[39m
[2023-01-25 01:43:11.650 AM] [32mINFO[39m: 	[32mExecuting (default): SHOW INDEX FROM `Questions` FROM `osps_test`[39m
[2023-01-25 01:43:11.656 AM] [32mINFO[39m: 	[32mExecuting (default): SELECT TABLE_NAME FROM INFORMATION_SCHEMA.TABLES WHERE TABLE_TYPE = 'BASE TABLE' AND TABLE_NAME = 'Users' AND TABLE_SCHEMA = 'osps_test'[39m
[2023-01-25 01:43:11.660 AM] [32mINFO[39m: 	[32mExecuting (default): SHOW INDEX FROM `Users` FROM `osps_test`[39m
[2023-01-25 01:43:11.738 AM] [32mINFO[39m: 	[32mExecuting (default): INSERT INTO `Users` (`id`,`firstName`,`lastName`,`email`,`password`,`admin`,`failedLoginAttempts`,`emailConfirmed`,`passwordResetInitiated`,`createdAt`,`updatedAt`) VALUES (DEFAULT,?,?,?,?,?,?,?,?,?,?);[39m
[2023-01-25 01:43:11.772 AM] [32mINFO[39m: 	[32mExecuting (default): SELECT `id`, `firstName`, `lastName`, `email`, `password`, `admin`, `failedLoginAttempts`, `lastLogin`, `emailConfirmed`, `emailConfirmationCode`, `emailConfirmationExpiresAt`, `passwordResetCode`, `passwordResetExpiresAt`, `passwordResetInitiated`, `createdAt`, `updatedAt` FROM `Users` AS `User` WHERE `User`.`id` = 1;[39m
[2023-01-25 01:43:12.003 AM] [32mINFO[39m: 	[32mExecuting (default): INSERT INTO `Users` (`id`,`firstName`,`lastName`,`email`,`password`,`admin`,`failedLoginAttempts`,`emailConfirmed`,`passwordResetInitiated`,`createdAt`,`updatedAt`) VALUES (DEFAULT,?,?,?,?,?,?,?,?,?,?);[39m
[2023-01-25 01:43:12.213 AM] [32mINFO[39m: 	[32mExecuting (default): INSERT INTO `Users` (`id`,`firstName`,`lastName`,`email`,`password`,`admin`,`failedLoginAttempts`,`emailConfirmed`,`passwordResetInitiated`,`createdAt`,`updatedAt`) VALUES (DEFAULT,?,?,?,?,?,?,?,?,?,?);[39m
[2023-01-25 01:43:12.290 AM] [32mINFO[39m: 	[32mExecuting (default): UPDATE `Users` SET `firstName`=?,`updatedAt`=?,`password`=? WHERE `id` = ?[39m
[2023-01-25 01:43:12.346 AM] [32mINFO[39m: 	[32mExecuting (default): UPDATE `Users` SET `password`=? WHERE `id` = ?[39m
[2023-01-25 01:43:12.353 AM] [32mINFO[39m: 	[32mExecuting (default): SELECT `id`, `firstName`, `lastName`, `email`, `password`, `admin`, `failedLoginAttempts`, `lastLogin`, `emailConfirmed`, `emailConfirmationCode`, `emailConfirmationExpiresAt`, `passwordResetCode`, `passwordResetExpiresAt`, `passwordResetInitiated`, `createdAt`, `updatedAt` FROM `Users` AS `User` WHERE `User`.`id` = 3;[39m
[2023-01-25 01:43:12.360 AM] [32mINFO[39m: 	[32mExecuting (default): DELETE FROM `Users` WHERE `id` = 3[39m
[2023-01-25 01:43:12.405 AM] [32mINFO[39m: 	[32mExecuting (default): INSERT INTO `Users` (`id`,`firstName`,`lastName`,`email`,`password`,`admin`,`failedLoginAttempts`,`emailConfirmed`,`passwordResetInitiated`,`createdAt`,`updatedAt`) VALUES (DEFAULT,?,?,?,?,?,?,?,?,?,?);[39m
[2023-01-25 01:43:12.446 AM] [32mINFO[39m: 	[32mExecuting (default): UPDATE `Users` SET `email`=?,`updatedAt`=?,`password`=? WHERE `id` = ?[39m
[2023-01-25 01:43:12.495 AM] [32mINFO[39m: 	[32mExecuting (default): UPDATE `Users` SET `password`=? WHERE `id` = ?[39m
[2023-01-25 01:43:12.499 AM] [32mINFO[39m: 	[32mExecuting (default): SELECT `id`, `firstName`, `lastName`, `email`, `password`, `admin`, `failedLoginAttempts`, `lastLogin`, `emailConfirmed`, `emailConfirmationCode`, `emailConfirmationExpiresAt`, `passwordResetCode`, `passwordResetExpiresAt`, `passwordResetInitiated`, `createdAt`, `updatedAt` FROM `Users` AS `User` WHERE `User`.`id` = 4;[39m
[2023-01-25 01:43:12.505 AM] [32mINFO[39m: 	[32mExecuting (default): DELETE FROM `Users` WHERE `id` = 4[39m
[2023-01-25 01:43:12.549 AM] [32mINFO[39m: 	[32mExecuting (default): INSERT INTO `Users` (`id`,`firstName`,`lastName`,`email`,`password`,`admin`,`failedLoginAttempts`,`emailConfirmed`,`passwordResetInitiated`,`createdAt`,`updatedAt`) VALUES (DEFAULT,?,?,?,?,?,?,?,?,?,?);[39m
[2023-01-25 01:43:12.597 AM] [32mINFO[39m: 	[32mExecuting (default): UPDATE `Users` SET `updatedAt`=?,`password`=? WHERE `id` = ?[39m
[2023-01-25 01:43:12.641 AM] [32mINFO[39m: 	[32mExecuting (default): UPDATE `Users` SET `password`=? WHERE `id` = ?[39m
[2023-01-25 01:43:12.647 AM] [32mINFO[39m: 	[32mExecuting (default): SELECT `id`, `firstName`, `lastName`, `email`, `password`, `admin`, `failedLoginAttempts`, `lastLogin`, `emailConfirmed`, `emailConfirmationCode`, `emailConfirmationExpiresAt`, `passwordResetCode`, `passwordResetExpiresAt`, `passwordResetInitiated`, `createdAt`, `updatedAt` FROM `Users` AS `User` WHERE `User`.`id` = 5;[39m
[2023-01-25 01:43:12.653 AM] [32mINFO[39m: 	[32mExecuting (default): DELETE FROM `Users` WHERE `id` = 5[39m
[2023-01-25 01:43:12.711 AM] [32mINFO[39m: 	[32mExecuting (default): INSERT INTO `Users` (`id`,`firstName`,`lastName`,`email`,`password`,`admin`,`failedLoginAttempts`,`emailConfirmed`,`passwordResetInitiated`,`createdAt`,`updatedAt`) VALUES (DEFAULT,?,?,?,?,?,?,?,?,?,?);[39m
[2023-01-25 01:43:12.758 AM] [32mINFO[39m: 	[32mExecuting (default): UPDATE `Users` SET `email`=?,`updatedAt`=?,`password`=? WHERE `id` = ?[39m
[2023-01-25 01:43:12.764 AM] [32mINFO[39m: 	[32mExecuting (default): SELECT `id`, `firstName`, `lastName`, `email`, `password`, `admin`, `failedLoginAttempts`, `lastLogin`, `emailConfirmed`, `emailConfirmationCode`, `emailConfirmationExpiresAt`, `passwordResetCode`, `passwordResetExpiresAt`, `passwordResetInitiated`, `createdAt`, `updatedAt` FROM `Users` AS `User` WHERE `User`.`id` = 6;[39m
[2023-01-25 01:43:12.769 AM] [32mINFO[39m: 	[32mExecuting (default): DELETE FROM `Users` WHERE `id` = 6[39m
[2023-01-25 01:43:12.822 AM] [32mINFO[39m: 	[32mExecuting (default): INSERT INTO `Users` (`id`,`firstName`,`lastName`,`email`,`password`,`admin`,`failedLoginAttempts`,`emailConfirmed`,`passwordResetInitiated`,`createdAt`,`updatedAt`) VALUES (DEFAULT,?,?,?,?,?,?,?,?,?,?);[39m
[2023-01-25 01:43:12.932 AM] [32mINFO[39m: 	[32mExecuting (default): DELETE FROM `Users` WHERE `id` = 7[39m
[2023-01-25 01:43:13.019 AM] [32mINFO[39m: 	[32mExecuting (default): INSERT INTO `Users` (`id`,`firstName`,`lastName`,`email`,`password`,`admin`,`failedLoginAttempts`,`emailConfirmed`,`passwordResetInitiated`,`createdAt`,`updatedAt`) VALUES (DEFAULT,?,?,?,?,?,?,?,?,?,?);[39m
[2023-01-25 01:43:13.050 AM] [32mINFO[39m: 	[32mExecuting (default): DELETE FROM `Users` WHERE `id` = 8[39m
[2023-01-25 01:43:13.092 AM] [32mINFO[39m: 	[32mExecuting (default): INSERT INTO `Users` (`id`,`firstName`,`lastName`,`email`,`password`,`admin`,`failedLoginAttempts`,`emailConfirmed`,`passwordResetInitiated`,`createdAt`,`updatedAt`) VALUES (DEFAULT,?,?,?,?,?,?,?,?,?,?);[39m
[2023-01-25 01:43:13.111 AM] [32mINFO[39m: 	[32mExecuting (default): DELETE FROM `Users` WHERE `id` = 9[39m
[2023-01-25 01:43:13.116 AM] [32mINFO[39m: 	[32mExecuting (default): TRUNCATE `Users`[39m
[2023-01-25 01:43:14.993 AM] [32mINFO[39m: 	[32mExecuting (default): SELECT TABLE_NAME FROM INFORMATION_SCHEMA.TABLES WHERE TABLE_TYPE = 'BASE TABLE' AND TABLE_NAME = 'Lectures' AND TABLE_SCHEMA = 'osps_test'[39m
[2023-01-25 01:43:15.005 AM] [32mINFO[39m: 	[32mExecuting (default): SHOW INDEX FROM `Lectures` FROM `osps_test`[39m
[2023-01-25 01:43:15.017 AM] [32mINFO[39m: 	[32mExecuting (default): SELECT TABLE_NAME FROM INFORMATION_SCHEMA.TABLES WHERE TABLE_TYPE = 'BASE TABLE' AND TABLE_NAME = 'Questions' AND TABLE_SCHEMA = 'osps_test'[39m
[2023-01-25 01:43:15.022 AM] [32mINFO[39m: 	[32mExecuting (default): SHOW INDEX FROM `Questions` FROM `osps_test`[39m
[2023-01-25 01:43:15.028 AM] [32mINFO[39m: 	[32mExecuting (default): SELECT TABLE_NAME FROM INFORMATION_SCHEMA.TABLES WHERE TABLE_TYPE = 'BASE TABLE' AND TABLE_NAME = 'Users' AND TABLE_SCHEMA = 'osps_test'[39m
[2023-01-25 01:43:15.034 AM] [32mINFO[39m: 	[32mExecuting (default): SHOW INDEX FROM `Users` FROM `osps_test`[39m
[2023-01-25 01:43:15.230 AM] [32mINFO[39m: 	[32mExecuting (default): INSERT INTO `Questions` (`id`,`type`,`stem`,`content`,`answers`,`createdAt`,`updatedAt`) VALUES (DEFAULT,?,?,?,?,?,?);[39m
[2023-01-25 01:43:15.256 AM] [32mINFO[39m: 	[32mExecuting (default): SELECT `id`, `type`, `stem`, `content`, `answers`, `createdAt`, `updatedAt` FROM `Questions` AS `Question` WHERE `Question`.`id` = 1;[39m
[2023-01-25 01:43:15.303 AM] [32mINFO[39m: 	[32mExecuting (default): INSERT INTO `Questions` (`id`,`type`,`stem`,`content`,`answers`,`createdAt`,`updatedAt`) VALUES (DEFAULT,?,?,?,?,?,?);[39m
[2023-01-25 01:43:15.311 AM] [32mINFO[39m: 	[32mExecuting (default): SELECT `id`, `type`, `stem`, `content`, `answers`, `createdAt`, `updatedAt` FROM `Questions` AS `Question` WHERE `Question`.`id` = 2;[39m
[2023-01-25 01:43:15.349 AM] [32mINFO[39m: 	[32mExecuting (default): INSERT INTO `Questions` (`id`,`type`,`stem`,`content`,`answers`,`createdAt`,`updatedAt`) VALUES (DEFAULT,?,?,?,?,?,?);[39m
[2023-01-25 01:43:15.366 AM] [32mINFO[39m: 	[32mExecuting (default): INSERT INTO `Questions` (`id`,`type`,`stem`,`content`,`answers`,`createdAt`,`updatedAt`) VALUES (DEFAULT,?,?,?,?,?,?);[39m
[2023-01-25 01:43:15.395 AM] [32mINFO[39m: 	[32mExecuting (default): TRUNCATE `Questions`[39m
